time	parameter_1	parameter_2	parameter_3	parameter_4	parameter_5	parameter_6	objective_function	worker
2009-08-06 11:49:03	0.445406606886536	2.92582625104114	0
2009-08-06 11:49:03	-0.372150841634721	2.92582625104114	0
2009-08-06 11:49:03	-0.0576526108197868	2.92582625104114	0
2009-08-06 11:49:03	0.659123608376831	2.92582625104114	0
2009-08-06 11:49:03	0.740287671796978	2.92582625104114	0
2009-08-06 11:49:03	-0.651204911526293	2.92582625104114	0
2009-08-06 11:49:03	0.585836516693234	4.17519085528329	0
2009-08-06 11:49:03	-0.908685791306198	4.17519085528329	0
2009-08-06 11:49:03	-0.689775764010847	4.17519085528329	0
2009-08-06 11:49:03	0.849961498752236	4.17519085528329	0
2009-08-06 11:49:03	0.524148039985448	4.17519085528329	0
2009-08-06 11:49:03	-0.616783244535327	4.17519085528329	0
2009-08-06 11:49:03	0.299082377925515	1.74102017236874	0
2009-08-06 11:49:03	0.0603079455904663	1.74102017236874	0
2009-08-06 11:49:03	0.0348139223642647	1.74102017236874	0
2009-08-06 11:49:03	0.514241576194763	1.74102017236874	0
2009-08-06 11:49:03	-0.77285076957196	1.74102017236874	0
2009-08-06 11:49:03	-0.0597235807217658	1.74102017236874	0
2009-08-06 11:49:03	-0.373747759032995	2.99381312355399	0
2009-08-06 11:49:03	-0.141468228306621	2.99381312355399	0
2009-08-06 11:49:03	-0.820489959325641	2.99381312355399	0
2009-08-06 11:49:03	0.914379462599754	2.99381312355399	0
2009-08-06 11:49:03	-0.0189090110361576	2.99381312355399	0
2009-08-06 11:49:03	0.724818703252822	2.99381312355399	0
2009-08-06 11:49:03	0.324273765552789	2.70931890001521	0
2009-08-06 11:49:03	0.649673465639353	2.70931890001521	0
2009-08-06 11:49:03	-0.965090580284595	2.70931890001521	0
2009-08-06 11:49:03	-0.392435793764889	2.70931890001521	0
2009-08-06 11:49:03	-0.182895634789020	2.70931890001521	0
2009-08-06 11:49:03	0.194949659984559	2.70931890001521	0
2009-08-06 11:49:03	-0.391945362091064	2.21146479342133	0
2009-08-06 11:49:03	-0.301703375764191	2.21146479342133	0
2009-08-06 11:49:03	-0.47977819154039	2.21146479342133	0
2009-08-06 11:49:03	0.383061630185694	2.21146479342133	0
2009-08-06 11:49:03	-0.65298645477742	2.21146479342133	0
2009-08-06 11:49:03	-0.00198977906256914	2.21146479342133	0
2009-08-06 11:49:03	-0.773730986285955	2.36823433497921	0
2009-08-06 11:49:03	-0.107066423632205	2.36823433497921	0
2009-08-06 11:49:03	-0.743397298268974	2.36823433497921	0
2009-08-06 11:49:03	0.324404319748282	2.36823433497921	0
2009-08-06 11:49:03	0.305992550216615	2.36823433497921	0
2009-08-06 11:49:03	0.113642756827176	2.36823433497921	0
2009-08-06 11:49:03	0.206627771258354	2.02027356298640	0
2009-08-06 11:49:03	-0.478415822144598	2.02027356298640	0
2009-08-06 11:49:03	0.36667637899518	2.02027356298640	0
2009-08-06 11:49:03	0.0935248751193285	2.02027356298640	0
2009-08-06 11:49:03	0.358537146355957	2.02027356298640	0
2009-08-06 11:49:03	0.516491569112986	2.02027356298640	0
2009-08-06 11:49:03	-0.365328317508101	2.47983587207273	0
2009-08-06 11:49:03	-0.536119140218943	2.47983587207273	0
2009-08-06 11:49:03	0.123301676940173	2.47983587207273	0
2009-08-06 11:49:03	0.160667168907821	2.47983587207273	0
2009-08-06 11:49:03	0.83724377118051	2.47983587207273	0
2009-08-06 11:49:03	0.457175797317177	2.47983587207273	0
2009-08-06 11:49:03	-0.358908813912421	3.02475895406678	0
2009-08-06 11:49:03	-0.69426821777597	3.02475895406678	0
2009-08-06 11:49:03	0.0328950914554298	3.02475895406678	0
2009-08-06 11:49:03	-0.943017151672393	3.02475895406678	0
2009-08-06 11:49:03	-0.904439814388752	3.02475895406678	0
2009-08-06 11:49:03	0.0912298648618162	3.02475895406678	0
2009-08-06 11:49:03	-0.907050567679107	4.589323613327	0
2009-08-06 11:49:03	0.991348423995078	4.589323613327	0
2009-08-06 11:49:03	-0.860458901617676	4.589323613327	0
2009-08-06 11:49:03	0.738844258710742	4.589323613327	0
2009-08-06 11:49:03	0.244548358954489	4.589323613327	0
2009-08-06 11:49:03	-0.847073102369905	4.589323613327	0
2009-08-06 11:49:03	-0.901880836579949	3.12929122708738	0
2009-08-06 11:49:03	-0.445445029530674	3.12929122708738	0
2009-08-06 11:49:03	0.227208052761853	3.12929122708738	0
2009-08-06 11:49:03	0.561508871149272	3.12929122708738	0
2009-08-06 11:49:03	-0.743455005809665	3.12929122708738	0
2009-08-06 11:49:03	0.249793431255966	3.12929122708738	0
2009-08-06 11:49:03	0.169299045111984	2.78280520904809	0
2009-08-06 11:49:03	-0.117326381150633	2.78280520904809	0
2009-08-06 11:49:03	0.490807069931179	2.78280520904809	0
2009-08-06 11:49:03	-0.197987854946405	2.78280520904809	0
2009-08-06 11:49:03	-0.823395991232246	2.78280520904809	0
2009-08-06 11:49:03	-0.983988866675645	2.78280520904809	0
2009-08-06 11:49:03	-0.058749204967171	2.47467889869586	0
2009-08-06 11:49:03	-0.187992427498102	2.47467889869586	0
2009-08-06 11:49:03	0.189149562269449	2.47467889869586	0
2009-08-06 11:49:03	0.831657427828759	2.47467889869586	0
2009-08-06 11:49:03	0.622733687050641	2.47467889869586	0
2009-08-06 11:49:03	-0.584396589081734	2.47467889869586	0
2009-08-06 11:49:03	-0.166321988217533	1.59572474705055	0
2009-08-06 11:49:03	-0.0200418988242745	1.59572474705055	0
2009-08-06 11:49:03	0.0472612278535962	1.59572474705055	0
2009-08-06 11:49:03	-0.281439870130271	1.59572474705055	0
2009-08-06 11:49:03	0.575299550779164	1.59572474705055	0
2009-08-06 11:49:03	0.505360211245716	1.59572474705055	0
2009-08-06 11:49:03	-0.444063944276422	2.52418771060184	0
2009-08-06 11:49:03	0.207087521906942	2.52418771060184	0
2009-08-06 11:49:03	-0.192959301639348	2.52418771060184	0
2009-08-06 11:49:03	0.0680509558878839	2.52418771060184	0
2009-08-06 11:49:03	0.643293366767466	2.52418771060184	0
2009-08-06 11:49:03	-0.968732620123774	2.52418771060184	0
2009-08-06 11:49:03	0.862064477987587	2.88348198961467	0
2009-08-06 11:49:03	-0.759032418485731	2.88348198961467	0
2009-08-06 11:49:03	0.117410351522267	2.88348198961467	0
2009-08-06 11:49:03	0.0798765886574984	2.88348198961467	0
2009-08-06 11:49:03	0.812028198502958	2.88348198961467	0
2009-08-06 11:49:03	-0.253069954458624	2.88348198961467	0
2009-08-06 11:49:03	0.101162743289024	2.14342887140810	0
2009-08-06 11:49:03	0.508439901750535	2.14342887140810	0
2009-08-06 11:49:03	0.78853403357789	2.14342887140810	0
2009-08-06 11:49:03	-0.009223029948771	2.14342887140810	0
2009-08-06 11:49:03	-0.543820552062243	2.14342887140810	0
2009-08-06 11:49:03	-0.192248610779643	2.14342887140810	0
2009-08-06 11:49:03	-0.983466952107847	2.69913300685585	0
2009-08-06 11:49:03	-0.134075906127691	2.69913300685585	0
2009-08-06 11:49:03	-0.339575719553977	2.69913300685585	0
2009-08-06 11:49:03	-0.653081634547561	2.69913300685585	0
2009-08-06 11:49:03	0.192286258097738	2.69913300685585	0
2009-08-06 11:49:03	0.396646536421031	2.69913300685585	0
2009-08-06 11:49:03	-0.779785055201501	2.69944651611149	0
2009-08-06 11:49:03	0.768296626396477	2.69944651611149	0
2009-08-06 11:49:03	0.466488013509661	2.69944651611149	0
2009-08-06 11:49:03	0.216070110443980	2.69944651611149	0
2009-08-06 11:49:03	0.00362798944115639	2.69944651611149	0
2009-08-06 11:49:03	0.465178721118718	2.69944651611149	0
2009-08-06 11:49:03	0.354454534128308	2.5723112183623	0
2009-08-06 11:49:03	-0.506344706751406	2.5723112183623	0
2009-08-06 11:49:03	-0.425012433901429	2.5723112183623	0
2009-08-06 11:49:03	0.478872719220817	2.5723112183623	0
2009-08-06 11:49:03	-0.256557617336512	2.5723112183623	0
2009-08-06 11:49:03	-0.551069207023829	2.5723112183623	0
2009-08-06 11:49:03	0.569764381274581	3.58885803539306	0
2009-08-06 11:49:03	0.684123398736119	3.58885803539306	0
2009-08-06 11:49:03	0.657726910430938	3.58885803539306	0
2009-08-06 11:49:03	-0.945829883683473	3.58885803539306	0
2009-08-06 11:49:03	-0.171175773721188	3.58885803539306	0
2009-08-06 11:49:03	-0.56023768754676	3.58885803539306	0
2009-08-06 11:49:03	-0.374607310630381	3.54709916096181	0
2009-08-06 11:49:03	-0.862519715446979	3.54709916096181	0
2009-08-06 11:49:03	-0.298597725573927	3.54709916096181	0
2009-08-06 11:49:03	0.805465451441705	3.54709916096181	0
2009-08-06 11:49:03	0.758339886553586	3.54709916096181	0
2009-08-06 11:49:03	-0.447569071315229	3.54709916096181	0
2009-08-06 11:49:03	-0.635364936199039	3.55586849572137	0
2009-08-06 11:49:03	0.541609284002334	3.55586849572137	0
2009-08-06 11:49:03	0.675186595413834	3.55586849572137	0
2009-08-06 11:49:03	-0.794149943161756	3.55586849572137	0
2009-08-06 11:49:03	-0.482828409411013	3.55586849572137	0
2009-08-06 11:49:03	-0.426729327533394	3.55586849572137	0
2009-08-06 11:49:03	-0.672966110054404	3.26232029451057	0
2009-08-06 11:49:03	-0.50591518683359	3.26232029451057	0
2009-08-06 11:49:03	-0.0731972083449364	3.26232029451057	0
2009-08-06 11:49:03	-0.912028975319117	3.26232029451057	0
2009-08-06 11:49:03	-0.240221658255905	3.26232029451057	0
2009-08-06 11:49:03	-0.85799115570262	3.26232029451057	0
2009-08-06 11:49:03	0.773583219386637	2.71972970850766	0
2009-08-06 11:49:03	0.0647810692898929	2.71972970850766	0
2009-08-06 11:49:03	-0.222256244160235	2.71972970850766	0
2009-08-06 11:49:03	-0.0736332857050002	2.71972970850766	0
2009-08-06 11:49:03	-0.774175741709769	2.71972970850766	0
2009-08-06 11:49:03	-0.811300148256123	2.71972970850766	0
2009-08-06 11:49:03	-0.548913259990513	2.63340961514041	0
2009-08-06 11:49:03	0.414782936219126	2.63340961514041	0
2009-08-06 11:49:03	0.0106157609261572	2.63340961514041	0
2009-08-06 11:49:03	0.63728163484484	2.63340961514041	0
2009-08-06 11:49:03	-0.418539064470679	2.63340961514041	0
2009-08-06 11:49:03	0.603276958689094	2.63340961514041	0
2009-08-06 11:49:03	0.0780737088061869	2.78112339507788	0
2009-08-06 11:49:03	-0.75405860086903	2.78112339507788	0
2009-08-06 11:49:03	0.306372190825641	2.78112339507788	0
2009-08-06 11:49:03	-0.715156254824251	2.78112339507788	0
2009-08-06 11:49:03	-0.286793384701014	2.78112339507788	0
2009-08-06 11:49:03	-0.640669255051762	2.78112339507788	0
2009-08-06 11:49:03	0.835947282146662	4.10281556192786	0
2009-08-06 11:49:03	-0.637708348222077	4.10281556192786	0
2009-08-06 11:49:03	-0.698017821647227	4.10281556192786	0
2009-08-06 11:49:03	0.652997235301882	4.10281556192786	0
2009-08-06 11:49:03	-0.538819117471576	4.10281556192786	0
2009-08-06 11:49:03	-0.739325757138431	4.10281556192786	0
2009-08-06 11:49:03	0.095574758015573	2.48868780536577	0
2009-08-06 11:49:03	-0.393788592424244	2.48868780536577	0
2009-08-06 11:49:03	-0.733234603889287	2.48868780536577	0
2009-08-06 11:49:03	0.78935821261257	2.48868780536577	0
2009-08-06 11:49:03	0.172860933002084	2.48868780536577	0
2009-08-06 11:49:03	-0.303870705422014	2.48868780536577	0
2009-08-06 11:49:03	0.0731838899664581	3.22518185153604	0
2009-08-06 11:49:03	-0.617115871049464	3.22518185153604	0
2009-08-06 11:49:03	0.716705126687884	3.22518185153604	0
2009-08-06 11:49:03	-0.00530543411150575	3.22518185153604	0
2009-08-06 11:49:03	0.832796473056078	3.22518185153604	0
2009-08-06 11:49:03	-0.980075056664646	3.22518185153604	0
2009-08-06 11:49:03	0.80122895212844	4.57813938520849	0
2009-08-06 11:49:03	-0.944147911854088	4.57813938520849	0
2009-08-06 11:49:03	-0.930070382542908	4.57813938520849	0
2009-08-06 11:49:03	-0.848004118539393	4.57813938520849	0
2009-08-06 11:49:03	-0.274391124490649	4.57813938520849	0
2009-08-06 11:49:03	0.780296895653009	4.57813938520849	0
2009-08-06 11:49:03	-0.373385634273291	2.97262101434171	0
2009-08-06 11:49:03	-0.829663109965622	2.97262101434171	0
2009-08-06 11:49:03	-0.317742196377367	2.97262101434171	0
2009-08-06 11:49:03	0.153865748085082	2.97262101434171	0
2009-08-06 11:49:03	-0.455544529017061	2.97262101434171	0
2009-08-06 11:49:03	0.84241979662329	2.97262101434171	0
2009-08-06 11:49:03	0.155093108769506	2.93488792423159	0
2009-08-06 11:49:03	-0.835835260339081	2.93488792423159	0
2009-08-06 11:49:03	-0.00805434724316001	2.93488792423159	0
2009-08-06 11:49:03	0.555671385023743	2.93488792423159	0
2009-08-06 11:49:03	0.410236997529864	2.93488792423159	0
2009-08-06 11:49:03	0.969996825326234	2.93488792423159	0
2009-08-06 11:49:03	-0.471137871965766	3.03957431996241	0
2009-08-06 11:49:03	0.502222870010883	3.03957431996241	0
2009-08-06 11:49:03	0.689308881293982	3.03957431996241	0
2009-08-06 11:49:03	-0.421900909394026	3.03957431996241	0
2009-08-06 11:49:03	0.0217098621651530	3.03957431996241	0
2009-08-06 11:49:03	0.933293925132602	3.03957431996241	0
2009-08-06 11:49:03	-0.363447246607393	2.907874237746	0
2009-08-06 11:49:03	0.68041159119457	2.907874237746	0
2009-08-06 11:49:03	-0.198305492755026	2.907874237746	0
2009-08-06 11:49:03	-0.852445488795638	2.907874237746	0
2009-08-06 11:49:03	-0.188729978632182	2.907874237746	0
2009-08-06 11:49:03	-0.624534439761192	2.907874237746	0
2009-08-06 11:49:03	0.319488291628659	2.57860939437523	0
2009-08-06 11:49:03	0.151773378718644	2.57860939437523	0
2009-08-06 11:49:03	0.986308045685291	2.57860939437523	0
2009-08-06 11:49:03	0.81703572999686	2.57860939437523	0
2009-08-06 11:49:03	-0.0916171856224537	2.57860939437523	0
2009-08-06 11:49:03	0.212386762723327	2.57860939437523	0
2009-08-06 11:49:03	0.841508767101914	4.39593051373959	0
2009-08-06 11:49:03	-0.6576491240412	4.39593051373959	0
2009-08-06 11:49:03	0.662012900225818	4.39593051373959	0
2009-08-06 11:49:03	0.416551187634468	4.39593051373959	0
2009-08-06 11:49:03	-0.833998894318938	4.39593051373959	0
2009-08-06 11:49:03	0.984209640417248	4.39593051373959	0
2009-08-06 11:49:03	-0.791886596940458	3.01064171874896	0
2009-08-06 11:49:03	0.108691704925150	3.01064171874896	0
2009-08-06 11:49:03	0.955485089682043	3.01064171874896	0
2009-08-06 11:49:03	-0.481029571034014	3.01064171874896	0
2009-08-06 11:49:03	0.646095558069646	3.01064171874896	0
2009-08-06 11:49:03	0.0274531980976462	3.01064171874896	0
2009-08-06 11:49:03	-0.425524530466646	2.63473399775103	0
2009-08-06 11:49:03	-0.706179863773286	2.63473399775103	0
2009-08-06 11:49:03	-0.740926251746714	2.63473399775103	0
2009-08-06 11:49:03	0.339887230657041	2.63473399775103	0
2009-08-06 11:49:03	-0.382377730216831	2.63473399775103	0
2009-08-06 11:49:03	-0.0398383908905089	2.63473399775103	0
2009-08-06 11:49:03	0.056139715489427	0.827321824508579	0
2009-08-06 11:49:03	-0.123138966893490	0.827321824508579	0
2009-08-06 11:49:03	0.0879136814947399	0.827321824508579	0
2009-08-06 11:49:03	-0.0761941664099419	0.827321824508579	0
2009-08-06 11:49:03	0.352508666992239	0.827321824508579	0
2009-08-06 11:49:03	0.131426627228741	0.827321824508579	0
2009-08-06 11:49:03	0.437776714800624	2.94446153493921	0
2009-08-06 11:49:03	-0.443885526961138	2.94446153493921	0
2009-08-06 11:49:03	-0.02310909734418	2.94446153493921	0
2009-08-06 11:49:03	0.761266777042757	2.94446153493921	0
2009-08-06 11:49:03	0.624440807895574	2.94446153493921	0
2009-08-06 11:49:03	-0.653982610894933	2.94446153493921	0
2009-08-06 11:49:03	0.299082377925515	1.74102017236874	0
2009-08-06 11:49:03	0.0603079455904663	1.74102017236874	0
2009-08-06 11:49:03	0.0348139223642647	1.74102017236874	0
2009-08-06 11:49:03	0.514241576194763	1.74102017236874	0
2009-08-06 11:49:03	-0.77285076957196	1.74102017236874	0
2009-08-06 11:49:03	-0.0597235807217658	1.74102017236874	0
2009-08-06 11:49:03	0.292918907633672	2.58098809073052	0
2009-08-06 11:49:03	-0.0699050078299963	2.58098809073052	0
2009-08-06 11:49:03	-0.631003052029023	2.58098809073052	0
2009-08-06 11:49:03	0.909481557652823	2.58098809073052	0
2009-08-06 11:49:03	-0.356020638580388	2.58098809073052	0
2009-08-06 11:49:03	0.321658927004621	2.58098809073052	0
2009-08-06 11:49:03	0.314522684519407	1.98933962072574	0
2009-08-06 11:49:03	0.533960371740583	1.98933962072574	0
2009-08-06 11:49:03	-0.298423913617929	1.98933962072574	0
2009-08-06 11:49:03	0.0259655617779354	1.98933962072574	0
2009-08-06 11:49:03	-0.696218072961437	1.98933962072574	0
2009-08-06 11:49:03	0.120249016108446	1.98933962072574	0
2009-08-06 11:49:03	0.225238742621608	1.84648238324186	0
2009-08-06 11:49:03	0.155304691980737	1.84648238324186	0
2009-08-06 11:49:03	0.186888475126276	1.84648238324186	0
2009-08-06 11:49:03	0.487102325761089	1.84648238324186	0
2009-08-06 11:49:03	-0.727255135669645	1.84648238324186	0
2009-08-06 11:49:03	-0.0646930120825073	1.84648238324186	0
2009-08-06 11:49:03	-0.107064319619288	1.53087540062614	0
2009-08-06 11:49:03	-0.0823812291132996	1.53087540062614	0
2009-08-06 11:49:03	-0.615240501983094	1.53087540062614	0
2009-08-06 11:49:03	0.388194098535435	1.53087540062614	0
2009-08-06 11:49:03	0.305550736842554	1.53087540062614	0
2009-08-06 11:49:03	0.0324445145324669	1.53087540062614	0
2009-08-06 11:49:03	0.290885050685483	1.46531390574701	0
2009-08-06 11:49:03	-0.229715495405194	1.46531390574701	0
2009-08-06 11:49:03	0.166569490378512	1.46531390574701	0
2009-08-06 11:49:03	0.543169823595907	1.46531390574701	0
2009-08-06 11:49:03	-0.0847989481282314	1.46531390574701	0
2009-08-06 11:49:03	-0.150175097553680	1.46531390574701	0
2009-08-06 11:49:03	-0.108628542776049	1.40296375465539	0
2009-08-06 11:49:03	-0.399455308874011	1.40296375465539	0
2009-08-06 11:49:03	0.0908006926100451	1.40296375465539	0
2009-08-06 11:49:03	0.242750780953186	1.40296375465539	0
2009-08-06 11:49:03	0.170577104513844	1.40296375465539	0
2009-08-06 11:49:03	0.390751324928259	1.40296375465539	0
2009-08-06 11:49:03	-0.196529913382530	1.87775298122595	0
2009-08-06 11:49:03	-0.519968297980599	1.87775298122595	0
2009-08-06 11:49:03	0.0336551873558855	1.87775298122595	0
2009-08-06 11:49:03	-0.276350485005726	1.87775298122595	0
2009-08-06 11:49:03	-0.850644774968153	1.87775298122595	0
2009-08-06 11:49:03	-0.000604322533054591	1.87775298122595	0
2009-08-06 11:49:03	-0.76582709724292	3.45601438667968	0
2009-08-06 11:49:03	0.749047397173634	3.45601438667968	0
2009-08-06 11:49:03	-0.610270691508654	3.45601438667968	0
2009-08-06 11:49:03	0.628517107196589	3.45601438667968	0
2009-08-06 11:49:03	-0.422118307712177	3.45601438667968	0
2009-08-06 11:49:03	-0.280233785845706	3.45601438667968	0
2009-08-06 11:49:03	-0.235214169913282	2.12319989587098	0
2009-08-06 11:49:03	-0.366963783815286	2.12319989587098	0
2009-08-06 11:49:03	0.118915605871263	2.12319989587098	0
2009-08-06 11:49:03	0.559112000069125	2.12319989587098	0
2009-08-06 11:49:03	-0.753514077841035	2.12319989587098	0
2009-08-06 11:49:03	0.0894802583609878	2.12319989587098	0
2009-08-06 11:49:03	0.190727922386444	1.68416115850833	0
2009-08-06 11:49:03	-0.0209441255994396	1.68416115850833	0
2009-08-06 11:49:03	0.330002408416959	1.68416115850833	0
2009-08-06 11:49:03	-0.0151710739289813	1.68416115850833	0
2009-08-06 11:49:03	-0.80999342816753	1.68416115850833	0
2009-08-06 11:49:03	-0.317322200008978	1.68416115850833	0
2009-08-06 11:49:03	-0.0177571932473133	0.882849041489162	0
2009-08-06 11:49:03	-0.0165332365979681	0.882849041489162	0
2009-08-06 11:49:03	0.0514263097002547	0.882849041489162	0
2009-08-06 11:49:03	0.557307725711952	0.882849041489162	0
2009-08-06 11:49:03	-0.043932979616026	0.882849041489162	0
2009-08-06 11:49:03	-0.195891596615647	0.882849041489162	0
2009-08-06 11:49:03	-0.166321988217533	1.59572474705055	0
2009-08-06 11:49:03	-0.0200418988242745	1.59572474705055	0
2009-08-06 11:49:03	0.0472612278535962	1.59572474705055	0
2009-08-06 11:49:03	-0.281439870130271	1.59572474705055	0
2009-08-06 11:49:03	0.575299550779164	1.59572474705055	0
2009-08-06 11:49:03	0.505360211245716	1.59572474705055	0
2009-08-06 11:49:03	-0.363399361155871	2.12486771973799	0
2009-08-06 11:49:03	0.0421415862468398	2.12486771973799	0
2009-08-06 11:49:03	-0.189448218133273	2.12486771973799	0
2009-08-06 11:49:03	-0.461027097395837	2.12486771973799	0
2009-08-06 11:49:03	0.6303847598808	2.12486771973799	0
2009-08-06 11:49:03	-0.438466696925373	2.12486771973799	0
2009-08-06 11:49:03	0.195397811320921	1.97666862735350	0
2009-08-06 11:49:03	-0.632821247094058	1.97666862735350	0
2009-08-06 11:49:03	0.0712265200776794	1.97666862735350	0
2009-08-06 11:49:03	-0.142105812172324	1.97666862735350	0
2009-08-06 11:49:03	0.791389548727075	1.97666862735350	0
2009-08-06 11:49:03	0.143727687961447	1.97666862735350	0
2009-08-06 11:49:03	-0.0599691151328138	1.51101193511143	0
2009-08-06 11:49:03	0.459404222366031	1.51101193511143	0
2009-08-06 11:49:03	0.413557318230429	1.51101193511143	0
2009-08-06 11:49:03	-0.142185151438371	1.51101193511143	0
2009-08-06 11:49:03	0.122846114604423	1.51101193511143	0
2009-08-06 11:49:03	0.313050013339362	1.51101193511143	0
2009-08-06 11:49:03	-0.31680028544118	2.13967895818702	0
2009-08-06 11:49:03	-0.0449210521491851	2.13967895818702	0
2009-08-06 11:49:03	-0.243202219350965	2.13967895818702	0
2009-08-06 11:49:03	-0.553314130264623	2.13967895818702	0
2009-08-06 11:49:03	0.48471010499856	2.13967895818702	0
2009-08-06 11:49:03	0.49673116598251	2.13967895818702	0
2009-08-06 11:49:03	-0.113118388534834	2.13678389088917	0
2009-08-06 11:49:03	0.721734933022393	2.13678389088917	0
2009-08-06 11:49:03	-0.192105953686548	2.13678389088917	0
2009-08-06 11:49:03	-0.0643714035109521	2.13678389088917	0
2009-08-06 11:49:03	0.557235881168569	2.13678389088917	0
2009-08-06 11:49:03	0.488217330965872	2.13678389088917	0
2009-08-06 11:49:03	-0.119998637176013	1.71444122550079	0
2009-08-06 11:49:03	-0.175558752922368	1.71444122550079	0
2009-08-06 11:49:03	-0.403077019645706	1.71444122550079	0
2009-08-06 11:49:03	0.453041558254396	1.71444122550079	0
2009-08-06 11:49:03	0.410109049330155	1.71444122550079	0
2009-08-06 11:49:03	-0.152656208172152	1.71444122550079	0
2009-08-06 11:49:03	0.276416804532746	2.10265632498810	0
2009-08-06 11:49:03	0.487874565345187	2.10265632498810	0
2009-08-06 11:49:03	0.624258316809919	2.10265632498810	0
2009-08-06 11:49:03	-0.586531577142922	2.10265632498810	0
2009-08-06 11:49:03	0.0211460820374242	2.10265632498810	0
2009-08-06 11:49:03	0.106428979119907	2.10265632498810	0
2009-08-06 11:49:03	-0.247429086903828	1.88900411302983	0
2009-08-06 11:49:03	-0.592354479595885	1.88900411302983	0
2009-08-06 11:49:03	-0.0832838315467498	1.88900411302983	0
2009-08-06 11:49:03	0.138798784775039	1.88900411302983	0
2009-08-06 11:49:03	0.734730683126132	1.88900411302983	0
2009-08-06 11:49:03	0.0924072470822	1.88900411302983	0
2009-08-06 11:49:03	-0.493177094435222	2.17941745689886	0
2009-08-06 11:49:03	0.348782180521875	2.17941745689886	0
2009-08-06 11:49:03	0.387673869678753	2.17941745689886	0
2009-08-06 11:49:03	-0.632421129088507	2.17941745689886	0
2009-08-06 11:49:03	-0.0774258440412339	2.17941745689886	0
2009-08-06 11:49:03	0.239937339133273	2.17941745689886	0
2009-08-06 11:49:03	-0.597597757237317	2.40729793486994	0
2009-08-06 11:49:03	-0.314835958898503	2.40729793486994	0
2009-08-06 11:49:03	0.00624793722650817	2.40729793486994	0
2009-08-06 11:49:03	-0.720410212960365	2.40729793486994	0
2009-08-06 11:49:03	0.426445008410762	2.40729793486994	0
2009-08-06 11:49:03	-0.341761060136489	2.40729793486994	0
2009-08-06 11:49:03	0.522059587721021	1.27640839460996	0
2009-08-06 11:49:03	0.0279365069422595	1.27640839460996	0
2009-08-06 11:49:03	-0.0956401761043195	1.27640839460996	0
2009-08-06 11:49:03	-0.102696755992531	1.27640839460996	0
2009-08-06 11:49:03	-0.107509075043102	1.27640839460996	0
2009-08-06 11:49:03	-0.420566292806727	1.27640839460996	0
2009-08-06 11:49:03	-0.380630676904367	1.43776897687955	0
2009-08-06 11:49:03	0.255831352195294	1.43776897687955	0
2009-08-06 11:49:03	0.0351808480666174	1.43776897687955	0
2009-08-06 11:49:03	-0.0293850318218271	1.43776897687955	0
2009-08-06 11:49:03	-0.185298252283002	1.43776897687955	0
2009-08-06 11:49:03	0.551442815608439	1.43776897687955	0
2009-08-06 11:49:03	-0.0476245980086366	1.09465455986530	0
2009-08-06 11:49:03	-0.146227072901443	1.09465455986530	0
2009-08-06 11:49:03	0.190793221133427	1.09465455986530	0
2009-08-06 11:49:03	-0.570995038116848	1.09465455986530	0
2009-08-06 11:49:03	0.113017218090036	1.09465455986530	0
2009-08-06 11:49:03	0.0259974116149048	1.09465455986530	0
2009-08-06 11:49:03	0.327749725135432	1.35876426300765	0
2009-08-06 11:49:03	-0.355102166776361	1.35876426300765	0
2009-08-06 11:49:03	-0.300179788183798	1.35876426300765	0
2009-08-06 11:49:03	0.139808009238619	1.35876426300765	0
2009-08-06 11:49:03	-0.163265483201675	1.35876426300765	0
2009-08-06 11:49:03	-0.0726590904717644	1.35876426300765	0
2009-08-06 11:49:03	0.0650501388467973	2.43035431954668	0
2009-08-06 11:49:03	-0.331191864115233	2.43035431954668	0
2009-08-06 11:49:03	-0.546004737357744	2.43035431954668	0
2009-08-06 11:49:03	0.527746568822828	2.43035431954668	0
2009-08-06 11:49:03	0.597565049159426	2.43035431954668	0
2009-08-06 11:49:03	0.362795961244653	2.43035431954668	0
2009-08-06 11:49:03	0.00611616165667389	1.74614922667751	0
2009-08-06 11:49:03	-0.506328128252204	1.74614922667751	0
2009-08-06 11:49:03	0.0500384600212177	1.74614922667751	0
2009-08-06 11:49:03	-0.128460142465828	1.74614922667751	0
2009-08-06 11:49:03	0.587148969732031	1.74614922667751	0
2009-08-06 11:49:03	-0.468057364549557	1.74614922667751	0
2009-08-06 11:49:03	0.134562285461774	3.17794278136001	0
2009-08-06 11:49:03	-0.667758501874299	3.17794278136001	0
2009-08-06 11:49:03	-0.785334137674252	3.17794278136001	0
2009-08-06 11:49:03	-0.793594926471807	3.17794278136001	0
2009-08-06 11:49:03	0.0318197111484875	3.17794278136001	0
2009-08-06 11:49:03	0.764873218729392	3.17794278136001	0
2009-08-06 11:49:03	-0.364204041500041	1.27111777292635	0
2009-08-06 11:49:03	-0.162996443298956	1.27111777292635	0
2009-08-06 11:49:03	0.00135588473438675	1.27111777292635	0
2009-08-06 11:49:03	0.0719455975792615	1.27111777292635	0
2009-08-06 11:49:03	0.1225334026061	1.27111777292635	0
2009-08-06 11:49:03	0.548082403207604	1.27111777292635	0
2009-08-06 11:49:03	0.0591856190285706	2.15407491949235	0
2009-08-06 11:49:03	-0.169168593672415	2.15407491949235	0
2009-08-06 11:49:03	0.0399236343670382	2.15407491949235	0
2009-08-06 11:49:03	0.553092809326588	2.15407491949235	0
2009-08-06 11:49:03	0.488582549599101	2.15407491949235	0
2009-08-06 11:49:03	0.84412171349864	2.15407491949235	0
2009-08-06 11:49:03	-0.216124127183984	1.92305246990159	0
2009-08-06 11:49:03	0.00984370062253698	1.92305246990159	0
2009-08-06 11:49:03	0.311976675047326	1.92305246990159	0
2009-08-06 11:49:03	-0.363868778920227	1.92305246990159	0
2009-08-06 11:49:03	0.68837652883182	1.92305246990159	0
2009-08-06 11:49:03	0.332862659295697	1.92305246990159	0
2009-08-06 11:49:03	-0.192307935962922	1.49207084767124	0
2009-08-06 11:49:03	0.0137449245279034	1.49207084767124	0
2009-08-06 11:49:03	0.0391260079155704	1.49207084767124	0
2009-08-06 11:49:03	-0.826782793422358	1.49207084767124	0
2009-08-06 11:49:03	0.0662302128629929	1.49207084767124	0
2009-08-06 11:49:03	-0.353878972979494	1.49207084767124	0
2009-08-06 11:49:03	0.314921898279693	2.30174191850346	0
2009-08-06 11:49:03	0.115481545222023	2.30174191850346	0
2009-08-06 11:49:03	0.319641379018625	2.30174191850346	0
2009-08-06 11:49:03	0.813893836881636	2.30174191850346	0
2009-08-06 11:49:03	0.471309436904645	2.30174191850346	0
2009-08-06 11:49:03	0.266493822196836	2.30174191850346	0
2009-08-06 11:49:03	0.459591305461058	2.63940934151038	0
2009-08-06 11:49:03	-0.502869652002386	2.63940934151038	0
2009-08-06 11:49:03	0.543980407304014	2.63940934151038	0
2009-08-06 11:49:03	0.152450605719897	2.63940934151038	0
2009-08-06 11:49:03	-0.167332227652272	2.63940934151038	0
2009-08-06 11:49:03	0.813185143370754	2.63940934151038	0
2009-08-06 11:49:03	-0.676799318673312	2.85284455745859	0
2009-08-06 11:49:03	0.0185337871306436	2.85284455745859	0
2009-08-06 11:49:03	0.551657274279344	2.85284455745859	0
2009-08-06 11:49:03	-0.362853247446906	2.85284455745859	0
2009-08-06 11:49:03	0.548881065164074	2.85284455745859	0
2009-08-06 11:49:03	0.694119864764313	2.85284455745859	0
2009-08-06 11:49:03	-0.424056118649169	1.31806997034942	0
2009-08-06 11:49:03	-0.353594205944859	1.31806997034942	0
2009-08-06 11:49:03	-0.0742595850800475	1.31806997034942	0
2009-08-06 11:49:03	-0.146348939993329	1.31806997034942	0
2009-08-06 11:49:03	-0.192072918384462	1.31806997034942	0
2009-08-06 11:49:03	0.127738202297556	1.31806997034942	0
2009-08-06 11:49:03	-0.239859785376189	2.53355800352899	0
2009-08-06 11:49:03	-0.30315493998681	2.53355800352899	0
2009-08-06 11:49:03	0.105800387634194	2.53355800352899	0
2009-08-06 11:49:03	-0.742860833076609	2.53355800352899	0
2009-08-06 11:49:03	0.631396328854167	2.53355800352899	0
2009-08-06 11:49:03	0.510485728601021	2.53355800352899	0
2009-08-06 11:49:03	0.221429484721817	1.56376468925958	0
2009-08-06 11:49:03	0.103784565352846	1.56376468925958	0
2009-08-06 11:49:03	0.36234213709238	1.56376468925958	0
2009-08-06 11:49:03	0.0946001103760902	1.56376468925958	0
2009-08-06 11:49:03	0.449381079269661	1.56376468925958	0
2009-08-06 11:49:03	-0.332227312446783	1.56376468925958	0
2009-08-06 11:49:03	0.157333444984152	1.01967038232484	0
2009-08-06 11:49:03	0.00308867727308178	1.01967038232484	0
2009-08-06 11:49:03	0.07122957395348	1.01967038232484	0
2009-08-06 11:49:03	-0.152425090471903	1.01967038232484	0
2009-08-06 11:49:03	-0.494714042023116	1.01967038232484	0
2009-08-06 11:49:03	0.140879553619109	1.01967038232484	0
2009-08-06 11:49:03	0.378626968238331	1.27201901549445	0
2009-08-06 11:49:03	-0.064647288987419	1.27201901549445	0
2009-08-06 11:49:03	-0.280492097552752	1.27201901549445	0
2009-08-06 11:49:03	0.242814890986156	1.27201901549445	0
2009-08-06 11:49:03	-0.169641243036561	1.27201901549445	0
2009-08-06 11:49:03	0.135796526693227	1.27201901549445	0
2009-08-06 11:49:03	0.304172300432483	1.13934713225075	0
2009-08-06 11:49:03	-0.132706294926083	1.13934713225075	0
2009-08-06 11:49:03	0.321149847494057	1.13934713225075	0
2009-08-06 11:49:03	0.211263974626674	1.13934713225075	0
2009-08-06 11:49:03	-0.0802403935513638	1.13934713225075	0
2009-08-06 11:49:03	0.0898143212200908	1.13934713225075	0
2009-08-06 11:49:03	0.322518760567166	1.29924280984611	0
2009-08-06 11:49:03	0.219258342751781	1.29924280984611	0
2009-08-06 11:49:03	0.340447907145443	1.29924280984611	0
2009-08-06 11:49:03	0.336483845458920	1.29924280984611	0
2009-08-06 11:49:03	-0.0605884690029782	1.29924280984611	0
2009-08-06 11:49:03	0.0199454849198229	1.29924280984611	0
2009-08-06 11:49:03	0.270227007405978	0.87888926748879	0
2009-08-06 11:49:03	-0.0965855290999142	0.87888926748879	0
2009-08-06 11:49:03	0.0514261646835721	0.87888926748879	0
2009-08-06 11:49:03	0.0413540201209617	0.87888926748879	0
2009-08-06 11:49:03	0.332327985800166	0.87888926748879	0
2009-08-06 11:49:03	0.086968560378199	0.87888926748879	0
2009-08-06 11:49:03	-0.0505976959108572	1.48419301009901	0
2009-08-06 11:49:03	0.0438495880942265	1.48419301009901	0
2009-08-06 11:49:03	-0.102703196547860	1.48419301009901	0
2009-08-06 11:49:03	0.601078008223265	1.48419301009901	0
2009-08-06 11:49:03	-0.017445288995778	1.48419301009901	0
2009-08-06 11:49:03	-0.668519232327026	1.48419301009901	0
2009-08-06 11:49:03	0.364194291591588	1.08145310020028	0
2009-08-06 11:49:03	-0.244950048775327	1.08145310020028	0
2009-08-06 11:49:03	0.0555147627744393	1.08145310020028	0
2009-08-06 11:49:03	0.130025410858112	1.08145310020028	0
2009-08-06 11:49:03	-0.248436582531965	1.08145310020028	0
2009-08-06 11:49:03	-0.0383320036688541	1.08145310020028	0
2009-08-06 11:49:03	0.0103495070247763	1.19001137493106	0
2009-08-06 11:49:03	-0.00378476231901237	1.19001137493106	0
2009-08-06 11:49:03	0.087019585316366	1.19001137493106	0
2009-08-06 11:49:03	0.39031618166094	1.19001137493106	0
2009-08-06 11:49:03	-0.658588372756921	1.19001137493106	0
2009-08-06 11:49:03	0.0399529658530418	1.19001137493106	0
2009-08-06 11:49:03	-0.389268010397136	1.71033521236493	0
2009-08-06 11:49:03	0.466771399839845	1.71033521236493	0
2009-08-06 11:49:03	0.0563959751580125	1.71033521236493	0
2009-08-06 11:49:03	0.322513143100923	1.71033521236493	0
2009-08-06 11:49:03	-0.370341309327523	1.71033521236493	0
2009-08-06 11:49:03	0.105045374541495	1.71033521236493	0
2009-08-06 11:49:03	0.0330224170452809	0.69027548484719	0
2009-08-06 11:49:03	-0.278225289059441	0.69027548484719	0
2009-08-06 11:49:03	0.0727631965554804	0.69027548484719	0
2009-08-06 11:49:03	0.168486977796765	0.69027548484719	0
2009-08-06 11:49:03	-0.0868474111743688	0.69027548484719	0
2009-08-06 11:49:03	0.0509301932158545	0.69027548484719	0
2009-08-06 11:49:03	0.124546678784878	0.66768587858514	0
2009-08-06 11:49:03	-0.0236895760345133	0.66768587858514	0
2009-08-06 11:49:03	0.213489652869800	0.66768587858514	0
2009-08-06 11:49:03	0.031630425167235	0.66768587858514	0
2009-08-06 11:49:03	-0.143326761500863	0.66768587858514	0
2009-08-06 11:49:03	0.13100278422785	0.66768587858514	0
2009-08-06 11:49:03	0.059676237393165	1.44449374022458	0
2009-08-06 11:49:03	0.0248299996669717	1.44449374022458	0
2009-08-06 11:49:03	-0.054169974113791	1.44449374022458	0
2009-08-06 11:49:03	0.231960677504265	1.44449374022458	0
2009-08-06 11:49:03	-0.608586551526078	1.44449374022458	0
2009-08-06 11:49:03	0.465270300020313	1.44449374022458	0
2009-08-06 11:49:03	-0.109123565767501	0.899438343099292	0
2009-08-06 11:49:03	-0.0811396718533992	0.899438343099292	0
2009-08-06 11:49:03	0.094055344552998	0.899438343099292	0
2009-08-06 11:49:03	-0.219104800707103	0.899438343099292	0
2009-08-06 11:49:03	0.23470850479734	0.899438343099292	0
2009-08-06 11:49:03	-0.161306455420951	0.899438343099292	0
2009-08-06 11:49:03	-0.058616467140254	1.32291510257615	0
2009-08-06 11:49:03	-0.148454703641186	1.32291510257615	0
2009-08-06 11:49:03	-0.0385366933470351	1.32291510257615	0
2009-08-06 11:49:03	-0.387180456750992	1.32291510257615	0
2009-08-06 11:49:03	0.461926811955391	1.32291510257615	0
2009-08-06 11:49:03	0.228199969741294	1.32291510257615	0
2009-08-06 11:49:03	-0.471268855345746	1.73501302108479	0
2009-08-06 11:49:03	-0.209191249560402	1.73501302108479	0
2009-08-06 11:49:03	0.0486598572375588	1.73501302108479	0
2009-08-06 11:49:03	-0.318913722549275	1.73501302108479	0
2009-08-06 11:49:03	0.228045597392326	1.73501302108479	0
2009-08-06 11:49:03	0.458933738999485	1.73501302108479	0
2009-08-06 11:49:03	-0.0104946993694731	2.15559655933590	0
2009-08-06 11:49:03	0.207426869797991	2.15559655933590	0
2009-08-06 11:49:03	-0.152008275519119	2.15559655933590	0
2009-08-06 11:49:03	-0.258661754652324	2.15559655933590	0
2009-08-06 11:49:03	0.78951278127109	2.15559655933590	0
2009-08-06 11:49:03	0.737492178725899	2.15559655933590	0
2009-08-06 11:49:03	0.349866381225487	1.53511417727874	0
2009-08-06 11:49:03	-0.0309037936421195	1.53511417727874	0
2009-08-06 11:49:03	-0.0437464048422913	1.53511417727874	0
2009-08-06 11:49:03	-0.235196705200684	1.53511417727874	0
2009-08-06 11:49:03	0.625099172672687	1.53511417727874	0
2009-08-06 11:49:03	0.250301719695469	1.53511417727874	0
2009-08-06 11:49:03	0.553548278131833	2.74678727876544	0
2009-08-06 11:49:03	0.469851158911807	2.74678727876544	0
2009-08-06 11:49:03	-0.317211615869976	2.74678727876544	0
2009-08-06 11:49:03	-0.326218191148036	2.74678727876544	0
2009-08-06 11:49:03	1.04248004386129	2.74678727876544	0
2009-08-06 11:49:03	-0.0374779908424903	2.74678727876544	0
2009-08-06 11:49:03	-0.266213487564205	2.42388883546290	0
2009-08-06 11:49:03	0.196575112603827	2.42388883546290	0
2009-08-06 11:49:03	-0.299600111345075	2.42388883546290	0
2009-08-06 11:49:03	0.229104866669411	2.42388883546290	0
2009-08-06 11:49:03	1.04215131187124	2.42388883546290	0
2009-08-06 11:49:03	0.390243945409146	2.42388883546290	0
2009-08-06 11:49:03	0.0870284377730266	1.70164302947428	0
2009-08-06 11:49:03	-0.178792101321480	1.70164302947428	0
2009-08-06 11:49:03	0.241909374295933	1.70164302947428	0
2009-08-06 11:49:03	-0.347278376694477	1.70164302947428	0
2009-08-06 11:49:03	0.334701507948182	1.70164302947428	0
2009-08-06 11:49:03	0.511933231441184	1.70164302947428	0
2009-08-06 11:49:03	-0.143741802985282	1.8463278271538	0
2009-08-06 11:49:03	0.0743121870707811	1.8463278271538	0
2009-08-06 11:49:03	0.134802734262505	1.8463278271538	0
2009-08-06 11:49:03	-0.523927483459176	1.8463278271538	0
2009-08-06 11:49:03	0.508986558396191	1.8463278271538	0
2009-08-06 11:49:03	0.460557060979867	1.8463278271538	0
2009-08-06 11:49:03	-0.263492204298071	1.99687535763027	0
2009-08-06 11:49:03	0.207711912054071	1.99687535763027	0
2009-08-06 11:49:03	0.205493583854989	1.99687535763027	0
2009-08-06 11:49:03	-0.122500347632708	1.99687535763027	0
2009-08-06 11:49:03	0.589240822625433	1.99687535763027	0
2009-08-06 11:49:03	0.608436487164994	1.99687535763027	0
2009-08-06 11:49:03	-0.0870767737942141	1.82612226559681	0
2009-08-06 11:49:03	-0.121743716737449	1.82612226559681	0
2009-08-06 11:49:03	0.0666761828828547	1.82612226559681	0
2009-08-06 11:49:03	-0.524042551366928	1.82612226559681	0
2009-08-06 11:49:03	0.701677434285185	1.82612226559681	0
2009-08-06 11:49:03	0.324905606530178	1.82612226559681	0
2009-08-06 11:49:03	0.182358732163582	1.00160198866277	0
2009-08-06 11:49:03	-0.0605243979961465	1.00160198866277	0
2009-08-06 11:49:03	0.0018198821006693	1.00160198866277	0
2009-08-06 11:49:03	-0.101163908910510	1.00160198866277	0
2009-08-06 11:49:03	0.409634693631924	1.00160198866277	0
2009-08-06 11:49:03	0.246100373859940	1.00160198866277	0
2009-08-06 11:49:03	0.0289577239412943	0.92879187970356	0
2009-08-06 11:49:03	-0.0242724335704514	0.92879187970356	0
2009-08-06 11:49:03	0.0755886917787296	0.92879187970356	0
2009-08-06 11:49:03	-0.58698915251316	0.92879187970356	0
2009-08-06 11:49:03	0.0977600268416979	0.92879187970356	0
2009-08-06 11:49:03	-0.115223851058228	0.92879187970356	0
2009-08-06 11:49:03	-0.0111025414423103	1.58837910135037	0
2009-08-06 11:49:03	0.252237905382565	1.58837910135037	0
2009-08-06 11:49:03	0.0858322476524255	1.58837910135037	0
2009-08-06 11:49:03	0.0956716285498181	1.58837910135037	0
2009-08-06 11:49:03	0.639605817221603	1.58837910135037	0
2009-08-06 11:49:03	0.503928961101648	1.58837910135037	0
2009-08-06 11:49:03	-0.192636556140819	1.75949712844568	0
2009-08-06 11:49:03	0.0849132599676819	1.75949712844568	0
2009-08-06 11:49:03	0.366486878482869	1.75949712844568	0
2009-08-06 11:49:03	-0.206969098768561	1.75949712844568	0
2009-08-06 11:49:03	0.431879356122827	1.75949712844568	0
2009-08-06 11:49:03	0.476611978962922	1.75949712844568	0
2009-08-06 11:49:03	0.0474161208583954	1.4904488988721	0
2009-08-06 11:49:03	-0.209412200836577	1.4904488988721	0
2009-08-06 11:49:03	0.120661929308923	1.4904488988721	0
2009-08-06 11:49:03	-0.031678446437998	1.4904488988721	0
2009-08-06 11:49:03	0.576869742261245	1.4904488988721	0
2009-08-06 11:49:03	0.504410459168961	1.4904488988721	0
2009-08-06 11:49:03	-0.00138211184935689	1.01139433982918	0
2009-08-06 11:49:03	-0.140021644400934	1.01139433982918	0
2009-08-06 11:49:03	-0.208763682555252	1.01139433982918	0
2009-08-06 11:49:03	-0.168291447338127	1.01139433982918	0
2009-08-06 11:49:03	0.294326151568399	1.01139433982918	0
2009-08-06 11:49:03	0.198609302117109	1.01139433982918	0
2009-08-06 11:49:03	-0.241679015383988	1.75422387512496	0
2009-08-06 11:49:03	-0.195267295055688	1.75422387512496	0
2009-08-06 11:49:03	-0.118667471007585	1.75422387512496	0
2009-08-06 11:49:03	-0.42101115667426	1.75422387512496	0
2009-08-06 11:49:03	0.242327862017262	1.75422387512496	0
2009-08-06 11:49:03	0.535271074986177	1.75422387512496	0
2009-08-06 11:49:03	0.300532147072048	2.14225630210853	0
2009-08-06 11:49:03	0.46712750482044	2.14225630210853	0
2009-08-06 11:49:03	0.424378804679755	2.14225630210853	0
2009-08-06 11:49:03	-0.0590517279046768	2.14225630210853	0
2009-08-06 11:49:03	0.772581854172545	2.14225630210853	0
2009-08-06 11:49:03	-0.118584263459063	2.14225630210853	0
2009-08-06 11:49:03	-0.00695770620210685	1.152291316117	0
2009-08-06 11:49:03	0.314946415517422	1.152291316117	0
2009-08-06 11:49:03	0.103285593520113	1.152291316117	0
2009-08-06 11:49:03	0.0494843945857997	1.152291316117	0
2009-08-06 11:49:03	0.500162159459584	1.152291316117	0
2009-08-06 11:49:03	0.177455046831974	1.152291316117	0
2009-08-06 11:49:03	0.273793543219528	2.24998377738765	0
2009-08-06 11:49:03	-0.416258414417439	2.24998377738765	0
2009-08-06 11:49:03	-0.219398494789692	2.24998377738765	0
2009-08-06 11:49:03	-0.296260254050775	2.24998377738765	0
2009-08-06 11:49:03	0.710469063539246	2.24998377738765	0
2009-08-06 11:49:03	-0.333804007370969	2.24998377738765	0
2009-08-06 11:49:03	-0.0889322520731469	1.41107120251595	0
2009-08-06 11:49:03	-0.517122192057754	1.41107120251595	0
2009-08-06 11:49:03	0.182814242162602	1.41107120251595	0
2009-08-06 11:49:03	-0.160116126755691	1.41107120251595	0
2009-08-06 11:49:03	0.369630173196151	1.41107120251595	0
2009-08-06 11:49:03	0.0924562162706045	1.41107120251595	0
2009-08-06 11:49:03	0.185049067566078	2.30622827865739	0
2009-08-06 11:49:03	0.080473367472174	2.30622827865739	0
2009-08-06 11:49:03	-0.347025287648042	2.30622827865739	0
2009-08-06 11:49:03	0.647317719347457	2.30622827865739	0
2009-08-06 11:49:03	0.769119124711303	2.30622827865739	0
2009-08-06 11:49:03	0.277243711912333	2.30622827865739	0
2009-08-06 11:49:03	-0.160113422598291	1.55824526539544	0
2009-08-06 11:49:03	-0.0432248557506608	1.55824526539544	0
2009-08-06 11:49:03	0.199493825892601	1.55824526539544	0
2009-08-06 11:49:03	-0.0690644728043305	1.55824526539544	0
2009-08-06 11:49:03	0.499334439014395	1.55824526539544	0
2009-08-06 11:49:03	0.587014249335166	1.55824526539544	0
2009-08-06 11:49:03	-0.417873396639337	1.66115482543611	0
2009-08-06 11:49:03	-0.0923596444810656	1.66115482543611	0
2009-08-06 11:49:03	-0.115009392387323	1.66115482543611	0
2009-08-06 11:49:03	-0.0814899328664463	1.66115482543611	0
2009-08-06 11:49:03	0.390693701257778	1.66115482543611	0
2009-08-06 11:49:03	0.563728757804163	1.66115482543611	0
2009-08-06 11:49:03	-0.247464446183670	1.69175834650105	0
2009-08-06 11:49:03	-0.0598418345635384	1.69175834650105	0
2009-08-06 11:49:03	0.592407081586619	1.69175834650105	0
2009-08-06 11:49:03	-0.404915008432966	1.69175834650105	0
2009-08-06 11:49:03	0.132359616275228	1.69175834650105	0
2009-08-06 11:49:03	0.254770359459026	1.69175834650105	0
2009-08-06 11:49:03	-0.0156297205988981	1.51653826797483	0
2009-08-06 11:49:03	-0.0814632089742298	1.51653826797483	0
2009-08-06 11:49:03	0.252953064576248	1.51653826797483	0
2009-08-06 11:49:03	0.665350658549195	1.51653826797483	0
2009-08-06 11:49:03	-0.417276278199251	1.51653826797483	0
2009-08-06 11:49:03	-0.0838653370770074	1.51653826797483	0
2009-08-06 11:49:03	-0.0500973662169023	2.16339598207447	0
2009-08-06 11:49:03	0.513743757201596	2.16339598207447	0
2009-08-06 11:49:03	0.704531099048041	2.16339598207447	0
2009-08-06 11:49:03	-0.572066556290576	2.16339598207447	0
2009-08-06 11:49:03	0.158344535559369	2.16339598207447	0
2009-08-06 11:49:03	0.164612667757982	2.16339598207447	0
2009-08-06 11:49:03	0.0953701211938711	1.02094072138944	0
2009-08-06 11:49:03	-0.0489795070973333	1.02094072138944	0
2009-08-06 11:49:03	0.0881245443281464	1.02094072138944	0
2009-08-06 11:49:03	-0.399130746164771	1.02094072138944	0
2009-08-06 11:49:03	0.171952624643551	1.02094072138944	0
2009-08-06 11:49:03	0.217383177961764	1.02094072138944	0
2009-08-06 11:49:03	0.201614460222994	1.20937027002936	0
2009-08-06 11:49:03	-0.129691753190139	1.20937027002936	0
2009-08-06 11:49:03	0.386174569113914	1.20937027002936	0
2009-08-06 11:49:03	-0.299923460806247	1.20937027002936	0
2009-08-06 11:49:03	0.179882559593784	1.20937027002936	0
2009-08-06 11:49:03	0.0120834671022805	1.20937027002936	0
2009-08-06 11:49:03	0.233223703002822	2.04880128330619	0
2009-08-06 11:49:03	-0.435683590063142	2.04880128330619	0
2009-08-06 11:49:03	0.567660584851625	2.04880128330619	0
2009-08-06 11:49:03	0.142346476104174	2.04880128330619	0
2009-08-06 11:49:03	0.586426273115303	2.04880128330619	0
2009-08-06 11:49:03	0.083460656169127	2.04880128330619	0
2009-08-06 11:49:03	0.305693563427485	1.57508951112007	0
2009-08-06 11:49:03	0.161825723422522	1.57508951112007	0
2009-08-06 11:49:03	0.163206097560443	1.57508951112007	0
2009-08-06 11:49:03	0.178550967440742	1.57508951112007	0
2009-08-06 11:49:03	0.606078197663688	1.57508951112007	0
2009-08-06 11:49:03	0.159734961605194	1.57508951112007	0
2009-08-06 11:49:03	0.411051212384598	2.24587044932323	0
2009-08-06 11:49:03	-0.142595938830481	2.24587044932323	0
2009-08-06 11:49:03	0.718092831350239	2.24587044932323	0
2009-08-06 11:49:03	-0.431901371878643	2.24587044932323	0
2009-08-06 11:49:03	0.391270988884542	2.24587044932323	0
2009-08-06 11:49:03	0.150958105994723	2.24587044932323	0
2009-08-06 11:49:03	0.254837485931681	0.770854528487395	0
2009-08-06 11:49:03	0.113762104290775	0.770854528487395	0
2009-08-06 11:49:03	0.224264495538114	0.770854528487395	0
2009-08-06 11:49:03	0.089019430458551	0.770854528487395	0
2009-08-06 11:49:03	0.0871184466079148	0.770854528487395	0
2009-08-06 11:49:03	-0.00185256566035952	0.770854528487395	0
2009-08-06 11:49:03	0.682124353600201	1.62519507528435	0
2009-08-06 11:49:03	0.0598671050977551	1.62519507528435	0
2009-08-06 11:49:03	0.0301558985562461	1.62519507528435	0
2009-08-06 11:49:03	-0.373347806930294	1.62519507528435	0
2009-08-06 11:49:03	-0.0639963540978928	1.62519507528435	0
2009-08-06 11:49:03	-0.415703557001960	1.62519507528435	0
2009-08-06 11:49:03	0.255868726385224	1.57299873602681	0
2009-08-06 11:49:03	0.493452205454396	1.57299873602681	0
2009-08-06 11:49:03	0.138716048830626	1.57299873602681	0
2009-08-06 11:49:03	0.59620422281578	1.57299873602681	0
2009-08-06 11:49:03	0.0080782939097459	1.57299873602681	0
2009-08-06 11:49:03	0.0806792386310403	1.57299873602681	0
2009-08-06 11:49:03	0.00233290945700892	1.46142920737478	0
2009-08-06 11:49:03	0.147905390480506	1.46142920737478	0
2009-08-06 11:49:03	0.441058357050994	1.46142920737478	0
2009-08-06 11:49:03	-0.237837026265249	1.46142920737478	0
2009-08-06 11:49:03	0.296325357339143	1.46142920737478	0
2009-08-06 11:49:03	0.335970166781878	1.46142920737478	0
2009-08-06 11:49:03	0.0330224170452809	0.69027548484719	0
2009-08-06 11:49:03	-0.278225289059441	0.69027548484719	0
2009-08-06 11:49:03	0.0727631965554804	0.69027548484719	0
2009-08-06 11:49:03	0.168486977796765	0.69027548484719	0
2009-08-06 11:49:03	-0.0868474111743688	0.69027548484719	0
2009-08-06 11:49:03	0.0509301932158545	0.69027548484719	0
2009-08-06 11:49:03	0.124546678784878	0.66768587858514	0
2009-08-06 11:49:03	-0.0236895760345133	0.66768587858514	0
2009-08-06 11:49:03	0.213489652869800	0.66768587858514	0
2009-08-06 11:49:03	0.031630425167235	0.66768587858514	0
2009-08-06 11:49:03	-0.143326761500863	0.66768587858514	0
2009-08-06 11:49:03	0.13100278422785	0.66768587858514	0
2009-08-06 11:49:03	0.194288273490886	0.938268978313048	0
2009-08-06 11:49:03	0.0326264911144363	0.938268978313048	0
2009-08-06 11:49:03	0.369496020465045	0.938268978313048	0
2009-08-06 11:49:03	-0.170878786637948	0.938268978313048	0
2009-08-06 11:49:03	0.00354642554933349	0.938268978313048	0
2009-08-06 11:49:03	-0.167432981055399	0.938268978313048	0
2009-08-06 11:49:03	0.113064686463500	1.18978113000206	0
2009-08-06 11:49:03	-0.0950534079146152	1.18978113000206	0
2009-08-06 11:49:03	0.173040017882325	1.18978113000206	0
2009-08-06 11:49:03	0.305361928938721	1.18978113000206	0
2009-08-06 11:49:03	-0.158940432990747	1.18978113000206	0
2009-08-06 11:49:03	-0.344320655812155	1.18978113000206	0
2009-08-06 11:49:03	0.304789797579374	1.92140444292507	0
2009-08-06 11:49:03	-0.130732209449554	1.92140444292507	0
2009-08-06 11:49:03	0.309812393371860	1.92140444292507	0
2009-08-06 11:49:03	-0.285385496606121	1.92140444292507	0
2009-08-06 11:49:03	0.161189560644929	1.92140444292507	0
2009-08-06 11:49:03	0.729494985273234	1.92140444292507	0
2009-08-06 11:49:03	-0.414377454819001	1.52941296169866	0
2009-08-06 11:49:03	0.164455177306518	1.52941296169866	0
2009-08-06 11:49:03	0.152910784518294	1.52941296169866	0
2009-08-06 11:49:03	-0.0790441438431506	1.52941296169866	0
2009-08-06 11:49:03	-0.438621069274341	1.52941296169866	0
2009-08-06 11:49:03	0.280004331937359	1.52941296169866	0
2009-08-06 11:49:03	0.00993376617380587	0.886414900664911	0
2009-08-06 11:49:03	0.188311941858953	0.886414900664911	0
2009-08-06 11:49:03	-0.0262133341636742	0.886414900664911	0
2009-08-06 11:49:03	-0.114107461526239	0.886414900664911	0
2009-08-06 11:49:03	0.122846114604423	0.886414900664911	0
2009-08-06 11:49:03	0.425002282337816	0.886414900664911	0
2009-08-06 11:49:03	0.479199246911321	1.17640438794095	0
2009-08-06 11:49:03	-0.0222014146380764	1.17640438794095	0
2009-08-06 11:49:03	0.342305409864908	1.17640438794095	0
2009-08-06 11:49:03	0.197947970711967	1.17640438794095	0
2009-08-06 11:49:03	-0.0415674939939797	1.17640438794095	0
2009-08-06 11:49:03	0.0931828518206975	1.17640438794095	0
2009-08-06 11:49:03	0.326302958782752	1.6133018461916	0
2009-08-06 11:49:03	0.0171716280118644	1.6133018461916	0
2009-08-06 11:49:03	0.349455050796690	1.6133018461916	0
2009-08-06 11:49:03	-0.389516431708478	1.6133018461916	0
2009-08-06 11:49:03	0.46756445131424	1.6133018461916	0
2009-08-06 11:49:03	0.0632913255775741	1.6133018461916	0
2009-08-06 11:49:03	-0.128279289591305	0.82960896127327	0
2009-08-06 11:49:03	0.030797242069258	0.82960896127327	0
2009-08-06 11:49:03	0.072466151151314	0.82960896127327	0
2009-08-06 11:49:03	0.140289953244007	0.82960896127327	0
2009-08-06 11:49:03	0.375484645204572	0.82960896127327	0
2009-08-06 11:49:03	-0.0822916800128146	0.82960896127327	0
2009-08-06 11:49:03	-0.072694778878393	1.55693112414766	0
2009-08-06 11:49:03	-0.641057098319735	1.55693112414766	0
2009-08-06 11:49:03	-0.162101475337189	1.55693112414766	0
2009-08-06 11:49:03	0.31938828997219	1.55693112414766	0
2009-08-06 11:49:03	0.0681357065390888	1.55693112414766	0
2009-08-06 11:49:03	0.293553775101068	1.55693112414766	0
2009-08-06 11:49:03	0.0841719819686775	2.43826827460171	0
2009-08-06 11:49:03	0.532415193558897	2.43826827460171	0
2009-08-06 11:49:03	0.427571966433533	2.43826827460171	0
2009-08-06 11:49:03	-0.691569955125111	2.43826827460171	0
2009-08-06 11:49:03	-0.157680108270476	2.43826827460171	0
2009-08-06 11:49:03	0.544859069245015	2.43826827460171	0
2009-08-06 11:49:03	0.403174462368596	2.40088559699561	0
2009-08-06 11:49:03	0.0820645243930017	2.40088559699561	0
2009-08-06 11:49:03	0.0564755757070567	2.40088559699561	0
2009-08-06 11:49:03	0.489245110866135	2.40088559699561	0
2009-08-06 11:49:03	0.909212569299618	2.40088559699561	0
2009-08-06 11:49:03	0.460713354361204	2.40088559699561	0
2009-08-06 11:49:03	0.345829386409596	2.35639343853759	0
2009-08-06 11:49:03	0.0386660377221587	2.35639343853759	0
2009-08-06 11:49:03	0.234088507743566	2.35639343853759	0
2009-08-06 11:49:03	0.142624115299739	2.35639343853759	0
2009-08-06 11:49:03	0.868822985211412	2.35639343853759	0
2009-08-06 11:49:03	0.726362406151119	2.35639343853759	0
2009-08-06 11:49:03	-0.198130278934928	2.39910765717927	0
2009-08-06 11:49:03	-0.112817742944569	2.39910765717927	0
2009-08-06 11:49:03	0.448053144224767	2.39910765717927	0
2009-08-06 11:49:03	0.0961281214403467	2.39910765717927	0
2009-08-06 11:49:03	0.804349262739438	2.39910765717927	0
2009-08-06 11:49:03	0.739629106895226	2.39910765717927	0
2009-08-06 11:49:03	0.592021163809835	1.82773076986854	0
2009-08-06 11:49:03	-0.304235075679275	1.82773076986854	0
2009-08-06 11:49:03	0.13565261791085	1.82773076986854	0
2009-08-06 11:49:03	-0.419532150499233	1.82773076986854	0
2009-08-06 11:49:03	0.028417325031046	1.82773076986854	0
2009-08-06 11:49:03	-0.347872436938304	1.82773076986854	0
2009-08-06 11:49:03	0.124861792384406	0.94341547551995	0
2009-08-06 11:49:03	0.0636872616995257	0.94341547551995	0
2009-08-06 11:49:03	0.133574270644795	0.94341547551995	0
2009-08-06 11:49:03	-0.158738901933546	0.94341547551995	0
2009-08-06 11:49:03	-0.0270608494450639	0.94341547551995	0
2009-08-06 11:49:03	0.435492399412614	0.94341547551995	0
2009-08-06 11:49:03	0.474030110525848	1.13855752226549	0
2009-08-06 11:49:03	-0.152926995819717	1.13855752226549	0
2009-08-06 11:49:03	0.328846089164136	1.13855752226549	0
2009-08-06 11:49:03	0.0336681508367667	1.13855752226549	0
2009-08-06 11:49:03	-0.074864428105037	1.13855752226549	0
2009-08-06 11:49:03	-0.0742217478139878	1.13855752226549	0
2009-08-06 11:49:03	0.130909134511111	2.18286264372064	0
2009-08-06 11:49:03	-0.0584835313016604	2.18286264372064	0
2009-08-06 11:49:03	0.78732859597559	2.18286264372064	0
2009-08-06 11:49:03	-0.423169745774109	2.18286264372064	0
2009-08-06 11:49:03	0.492146521656791	2.18286264372064	0
2009-08-06 11:49:03	0.290825114501379	2.18286264372064	0
2009-08-06 11:49:03	0.112423241097103	1.70012642306771	0
2009-08-06 11:49:03	0.204103772509329	1.70012642306771	0
2009-08-06 11:49:03	-0.353928453150376	1.70012642306771	0
2009-08-06 11:49:03	0.0546945792698054	1.70012642306771	0
2009-08-06 11:49:03	-0.372340515098267	1.70012642306771	0
2009-08-06 11:49:03	0.602635861942827	1.70012642306771	0
2009-08-06 11:49:03	-0.192542466712627	1.28907374251577	0
2009-08-06 11:49:03	0.136308186736078	1.28907374251577	0
2009-08-06 11:49:03	0.547999195659082	1.28907374251577	0
2009-08-06 11:49:03	0.0445547726502822	1.28907374251577	0
2009-08-06 11:49:03	-0.0738471937498954	1.28907374251577	0
2009-08-06 11:49:03	0.293821927007806	1.28907374251577	0
2009-08-06 11:49:03	-0.173515766982978	1.74291411688095	0
2009-08-06 11:49:03	-0.199539161846227	1.74291411688095	0
2009-08-06 11:49:03	0.660318376796086	1.74291411688095	0
2009-08-06 11:49:03	-0.0460718101696357	1.74291411688095	0
2009-08-06 11:49:03	0.389947239526616	1.74291411688095	0
2009-08-06 11:49:03	0.273521761559406	1.74291411688095	0
2009-08-06 11:49:03	0.0371756280356741	1.71309939426110	0
2009-08-06 11:49:03	0.2988475409469	1.71309939426110	0
2009-08-06 11:49:03	0.368075489824864	1.71309939426110	0
2009-08-06 11:49:03	-0.480575984658932	1.71309939426110	0
2009-08-06 11:49:03	-0.0392131309600345	1.71309939426110	0
2009-08-06 11:49:03	-0.489211619834693	1.71309939426110	0
2009-08-06 11:49:03	-0.125623236577076	0.909947821164095	0
2009-08-06 11:49:03	0.250408252249227	0.909947821164095	0
2009-08-06 11:49:03	0.162363443718109	0.909947821164095	0
2009-08-06 11:49:03	0.048364629277007	0.909947821164095	0
2009-08-06 11:49:03	0.152091686891309	0.909947821164095	0
2009-08-06 11:49:03	-0.171096572451367	0.909947821164095	0
2009-08-06 11:49:03	0.0212112804992283	1.95341175320976	0
2009-08-06 11:49:03	-0.433280757410763	1.95341175320976	0
2009-08-06 11:49:03	0.331176382986462	1.95341175320976	0
2009-08-06 11:49:03	0.506550539910975	1.95341175320976	0
2009-08-06 11:49:03	0.175585291573722	1.95341175320976	0
2009-08-06 11:49:03	0.48560750082861	1.95341175320976	0
2009-08-06 11:49:03	0.142918146207365	0.666596427141789	0
2009-08-06 11:49:03	-0.0267164169407272	0.666596427141789	0
2009-08-06 11:49:03	-0.040176101338829	0.666596427141789	0
2009-08-06 11:49:03	0.205460412497067	0.666596427141789	0
2009-08-06 11:49:03	0.102452458044636	0.666596427141789	0
2009-08-06 11:49:03	0.148872892113164	0.666596427141789	0
2009-08-06 11:49:03	-0.549304193114005	2.46139054737252	0
2009-08-06 11:49:03	0.440847092963704	2.46139054737252	0
2009-08-06 11:49:03	-0.133310870161021	2.46139054737252	0
2009-08-06 11:49:03	-0.218974703976444	2.46139054737252	0
2009-08-06 11:49:03	0.848474421943516	2.46139054737252	0
2009-08-06 11:49:03	0.270479265213825	2.46139054737252	0
2009-08-06 11:49:03	0.24879327002733	1.54501706933508	0
2009-08-06 11:49:03	-0.114864394606842	1.54501706933508	0
2009-08-06 11:49:03	-0.315975189101943	1.54501706933508	0
2009-08-06 11:49:03	0.130408206691766	1.54501706933508	0
2009-08-06 11:49:03	-0.253157214073837	1.54501706933508	0
2009-08-06 11:49:03	0.481818794833366	1.54501706933508	0
2009-08-06 11:49:03	-0.118523840736605	1.43292691804262	0
2009-08-06 11:49:03	-0.144721449400170	1.43292691804262	0
2009-08-06 11:49:03	0.689947339460212	1.43292691804262	0
2009-08-06 11:49:03	-0.195207444513100	1.43292691804262	0
2009-08-06 11:49:03	-0.0609690064474478	1.43292691804262	0
2009-08-06 11:49:03	0.223557837485084	1.43292691804262	0
2009-08-06 11:49:03	0.198371678578181	1.94008859460744	0
2009-08-06 11:49:03	-0.0559541120481497	1.94008859460744	0
2009-08-06 11:49:03	0.0607995066381508	1.94008859460744	0
2009-08-06 11:49:03	-0.454697958255844	1.94008859460744	0
2009-08-06 11:49:03	0.835635953119191	1.94008859460744	0
2009-08-06 11:49:03	0.334629385967925	1.94008859460744	0
2009-08-06 11:49:03	0.163486477894455	1.16080145900303	0
2009-08-06 11:49:03	0.230879811138300	1.16080145900303	0
2009-08-06 11:49:03	0.330390809501522	1.16080145900303	0
2009-08-06 11:49:03	0.0946001103760903	1.16080145900303	0
2009-08-06 11:49:03	0.275144829397945	1.16080145900303	0
2009-08-06 11:49:03	0.0662994206947152	1.16080145900303	0
2009-08-06 11:49:03	0.089402030677174	0.963126809733392	0
2009-08-06 11:49:03	-0.0214215777055087	0.963126809733392	0
2009-08-06 11:49:03	0.341120110135742	0.963126809733392	0
2009-08-06 11:49:03	0.236384307750642	0.963126809733392	0
2009-08-06 11:49:03	0.117917910291575	0.963126809733392	0
2009-08-06 11:49:03	0.156880873172751	0.963126809733392	0
2009-08-06 11:49:03	-0.0319405256934819	2.17717310533650	0
2009-08-06 11:49:03	-0.0791564444323528	2.17717310533650	0
2009-08-06 11:49:03	0.87945410977395	2.17717310533650	0
2009-08-06 11:49:03	-0.679264225562206	2.17717310533650	0
2009-08-06 11:49:03	0.389115755381810	2.17717310533650	0
2009-08-06 11:49:03	0.118242044492694	2.17717310533650	0
2009-08-06 11:49:03	0.128428075754172	1.43612141307456	0
2009-08-06 11:49:03	0.230983076603525	1.43612141307456	0
2009-08-06 11:49:03	0.346453743541550	1.43612141307456	0
2009-08-06 11:49:03	0.0717361954779725	1.43612141307456	0
2009-08-06 11:49:03	0.559995533293487	1.43612141307456	0
2009-08-06 11:49:03	0.0985247884038506	1.43612141307456	0
2009-08-06 11:49:03	0.172705874316986	1.05762233704049	0
2009-08-06 11:49:03	-0.0146117609736543	1.05762233704049	0
2009-08-06 11:49:03	0.0242635748737889	1.05762233704049	0
2009-08-06 11:49:03	0.0893528488539809	1.05762233704049	0
2009-08-06 11:49:03	0.572515008638963	1.05762233704049	0
2009-08-06 11:49:03	0.184173269383113	1.05762233704049	0
2009-08-06 11:49:03	0.140764251880594	1.34313324160801	0
2009-08-06 11:49:03	-0.0274101071174963	1.34313324160801	0
2009-08-06 11:49:03	0.510500884281872	1.34313324160801	0
2009-08-06 11:49:03	-0.240265729073925	1.34313324160801	0
2009-08-06 11:49:03	0.282106917773894	1.34313324160801	0
2009-08-06 11:49:03	0.142085351480233	1.34313324160801	0
2009-08-06 11:49:03	0.358763885142694	2.00066625477709	0
2009-08-06 11:49:03	0.0541776793709602	2.00066625477709	0
2009-08-06 11:49:03	0.480783805402866	2.00066625477709	0
2009-08-06 11:49:03	-0.374507853009448	2.00066625477709	0
2009-08-06 11:49:03	0.0676189308448116	2.00066625477709	0
2009-08-06 11:49:03	0.664814101006307	2.00066625477709	0
2009-08-06 11:49:03	0.367029167165308	0.817916498192944	0
2009-08-06 11:49:03	0.00228676438687363	0.817916498192944	0
2009-08-06 11:49:03	0.0413453531023048	0.817916498192944	0
2009-08-06 11:49:03	-0.0178488662634113	0.817916498192944	0
2009-08-06 11:49:03	-0.138443237610339	0.817916498192944	0
2009-08-06 11:49:03	0.250963109664707	0.817916498192944	0
2009-08-06 11:49:03	0.0903183771386344	1.27839561863321	0
2009-08-06 11:49:03	-0.173214461212270	1.27839561863321	0
2009-08-06 11:49:03	0.233309250173516	1.27839561863321	0
2009-08-06 11:49:03	0.242372841549082	1.27839561863321	0
2009-08-06 11:49:03	-0.451287712412078	1.27839561863321	0
2009-08-06 11:49:03	0.087892976147625	1.27839561863321	0
2009-08-06 11:49:03	0.528927983514966	2.90903515851025	0
2009-08-06 11:49:03	-0.207198875577308	2.90903515851025	0
2009-08-06 11:49:03	0.535940845938986	2.90903515851025	0
2009-08-06 11:49:03	-0.408840910014169	2.90903515851025	0
2009-08-06 11:49:03	0.664064329208807	2.90903515851025	0
2009-08-06 11:49:03	0.56406221425601	2.90903515851025	0
2009-08-06 11:49:03	0.341700868640153	1.55220402221801	0
2009-08-06 11:49:03	-0.0939376340291057	1.55220402221801	0
2009-08-06 11:49:03	0.260850275800339	1.55220402221801	0
2009-08-06 11:49:03	-0.337454545921874	1.55220402221801	0
2009-08-06 11:49:03	0.473771677352811	1.55220402221801	0
2009-08-06 11:49:03	0.0444890204737249	1.55220402221801	0
2009-08-06 11:49:03	0.0583654351833134	1.36287695686948	0
2009-08-06 11:49:03	-0.0264350264695869	1.36287695686948	0
2009-08-06 11:49:03	0.0969768973226419	1.36287695686948	0
2009-08-06 11:49:03	0.0784319242634512	1.36287695686948	0
2009-08-06 11:49:03	0.523339905165804	1.36287695686948	0
2009-08-06 11:49:03	0.579327768464678	1.36287695686948	0
2009-08-06 11:49:03	0.171377412582230	1.79942120177743	0
2009-08-06 11:49:03	-0.0136693397274661	1.79942120177743	0
2009-08-06 11:49:03	0.3969620912795	1.79942120177743	0
2009-08-06 11:49:03	0.495787880028719	1.79942120177743	0
2009-08-06 11:49:03	0.273466216120597	1.79942120177743	0
2009-08-06 11:49:03	-0.448158262038914	1.79942120177743	0
2009-08-06 11:49:03	0.319821555196886	1.25257410443134	0
2009-08-06 11:49:03	-0.0152513857290877	1.25257410443134	0
2009-08-06 11:49:03	0.237368273590598	1.25257410443134	0
2009-08-06 11:49:03	-0.112554393187187	1.25257410443134	0
2009-08-06 11:49:03	-0.450244948395777	1.25257410443134	0
2009-08-06 11:49:03	-0.117333548331804	1.25257410443134	0
2009-08-06 11:49:03	-0.0483147565598621	1.39517379430500	0
2009-08-06 11:49:03	-0.0832519958283851	1.39517379430500	0
2009-08-06 11:49:03	0.441230499018870	1.39517379430500	0
2009-08-06 11:49:03	-0.0497954071663196	1.39517379430500	0
2009-08-06 11:49:03	-0.334956776460079	1.39517379430500	0
2009-08-06 11:49:03	0.437624359271480	1.39517379430500	0
2009-08-06 11:49:03	0.252289211847666	1.75628562539661	0
2009-08-06 11:49:03	0.329150979273165	1.75628562539661	0
2009-08-06 11:49:03	0.238307671428232	1.75628562539661	0
2009-08-06 11:49:03	0.138671522640074	1.75628562539661	0
2009-08-06 11:49:03	-0.630053928419801	1.75628562539661	0
2009-08-06 11:49:03	0.167812311787673	1.75628562539661	0
2009-08-06 11:49:03	0.0434896400663512	1.47911371718648	0
2009-08-06 11:49:03	0.103247373480013	1.47911371718648	0
2009-08-06 11:49:03	0.451264964007701	1.47911371718648	0
2009-08-06 11:49:03	0.140332781004087	1.47911371718648	0
2009-08-06 11:49:03	-0.499114574299473	1.47911371718648	0
2009-08-06 11:49:03	-0.241664384328851	1.47911371718648	0
2009-08-06 11:49:03	0.286281908294087	2.09398373852767	0
2009-08-06 11:49:03	-0.0161886321516345	2.09398373852767	0
2009-08-06 11:49:03	0.518610476922338	2.09398373852767	0
2009-08-06 11:49:03	0.554904036523856	2.09398373852767	0
2009-08-06 11:49:03	-0.708234160660646	2.09398373852767	0
2009-08-06 11:49:03	-0.00976452397510912	2.09398373852767	0
2009-08-06 11:49:03	-0.0777743521107581	1.91174009430565	0
2009-08-06 11:49:03	-0.305604610703379	1.91174009430565	0
2009-08-06 11:49:03	0.753059255785237	1.91174009430565	0
2009-08-06 11:49:03	-0.384700457567369	1.91174009430565	0
2009-08-06 11:49:03	-0.199102215352426	1.91174009430565	0
2009-08-06 11:49:03	0.191499202786477	1.91174009430565	0
2009-08-06 11:49:03	-0.0181698369565901	1.02670818689044	0
2009-08-06 11:49:03	-0.0778048645109031	1.02670818689044	0
2009-08-06 11:49:03	0.292521332674013	1.02670818689044	0
2009-08-06 11:49:03	0.0222938507188019	1.02670818689044	0
2009-08-06 11:49:03	-0.291182021462094	1.02670818689044	0
2009-08-06 11:49:03	-0.324736280568041	1.02670818689044	0
2009-08-06 11:49:03	-0.151177276578254	1.92980517832987	0
2009-08-06 11:49:03	-0.59268691648964	1.92980517832987	0
2009-08-06 11:49:03	-0.0372316905619515	1.92980517832987	0
2009-08-06 11:49:03	0.633408951910376	1.92980517832987	0
2009-08-06 11:49:03	-0.378005927345707	1.92980517832987	0
2009-08-06 11:49:03	-0.137294415443938	1.92980517832987	0
2009-08-06 11:49:03	0.0201695777215951	1.41843603320429	0
2009-08-06 11:49:03	0.362691180278112	1.41843603320429	0
2009-08-06 11:49:03	0.366602399820435	1.41843603320429	0
2009-08-06 11:49:03	-0.0249032884584447	1.41843603320429	0
2009-08-06 11:49:03	-0.408258620560818	1.41843603320429	0
2009-08-06 11:49:03	0.235810966364886	1.41843603320429	0
2009-08-06 11:49:03	-0.155212230644037	1.18242736653506	0
2009-08-06 11:49:03	-0.081575889596174	1.18242736653506	0
2009-08-06 11:49:03	0.0705618568149911	1.18242736653506	0
2009-08-06 11:49:03	0.137723869033235	1.18242736653506	0
2009-08-06 11:49:03	0.410537672650793	1.18242736653506	0
2009-08-06 11:49:03	0.326815847795828	1.18242736653506	0
2009-08-06 11:49:03	0.0403046276113318	1.40501809142032	0
2009-08-06 11:49:03	0.0435874647637187	1.40501809142032	0
2009-08-06 11:49:03	0.201317699404227	1.40501809142032	0
2009-08-06 11:49:03	0.291770458894776	1.40501809142032	0
2009-08-06 11:49:03	0.202156318544746	1.40501809142032	0
2009-08-06 11:49:03	0.625881522201516	1.40501809142032	0
2009-08-06 11:49:03	-0.0910656330094653	1.2157837097958	0
2009-08-06 11:49:03	-0.0845455740380232	1.2157837097958	0
2009-08-06 11:49:03	0.407148573208315	1.2157837097958	0
2009-08-06 11:49:03	0.160626769497184	1.2157837097958	0
2009-08-06 11:49:03	0.137682596072772	1.2157837097958	0
2009-08-06 11:49:03	0.334714563970041	1.2157837097958	0
2009-08-06 11:49:03	-0.0746455028568317	0.916329275895036	0
2009-08-06 11:49:03	-0.195882857701995	0.916329275895036	0
2009-08-06 11:49:03	0.147730457792624	0.916329275895036	0
2009-08-06 11:49:03	-0.30293481895153	0.916329275895036	0
2009-08-06 11:49:03	-0.0686737732549435	0.916329275895036	0
2009-08-06 11:49:03	0.126461865337111	0.916329275895036	0
2009-08-06 11:49:03	0.231398471434041	1.44043547292723	0
2009-08-06 11:49:03	-0.177235209534239	1.44043547292723	0
2009-08-06 11:49:03	0.213324716015554	1.44043547292723	0
2009-08-06 11:49:03	-0.0979257074367308	1.44043547292723	0
2009-08-06 11:49:03	-0.69372751611173	1.44043547292723	0
2009-08-06 11:49:03	-0.0268238523949355	1.44043547292723	0
2009-08-06 11:49:03	0.957813873353698	2.68723193937370	0
2009-08-06 11:49:03	-0.151983004756841	2.68723193937370	0
2009-08-06 11:49:03	0.193528008303216	2.68723193937370	0
2009-08-06 11:49:03	0.271490408419176	2.68723193937370	0
2009-08-06 11:49:03	-0.58861421030967	2.68723193937370	0
2009-08-06 11:49:03	-0.523802434231096	2.68723193937370	0
2009-08-06 11:49:03	0.098141635380557	1.71147141657355	0
2009-08-06 11:49:03	-0.113683953885379	1.71147141657355	0
2009-08-06 11:49:03	0.54168604573636	1.71147141657355	0
2009-08-06 11:49:03	-0.572692060390446	1.71147141657355	0
2009-08-06 11:49:03	-0.174520145009875	1.71147141657355	0
2009-08-06 11:49:03	0.210747576170932	1.71147141657355	0
2009-08-06 11:49:03	0.0576034824223063	0.698325561638918	0
2009-08-06 11:49:03	-0.135969377671077	0.698325561638918	0
2009-08-06 11:49:03	0.108129067937000	0.698325561638918	0
2009-08-06 11:49:03	0.115527460862484	0.698325561638918	0
2009-08-06 11:49:03	0.217065368022211	0.698325561638918	0
2009-08-06 11:49:03	-0.0640308047238392	0.698325561638918	0
2009-08-06 11:49:03	0.403716607277346	2.98869452062153	0
2009-08-06 11:49:03	0.356693945925362	2.98869452062153	0
2009-08-06 11:49:03	1.07698076166635	2.98869452062153	0
2009-08-06 11:49:03	0.497359720938322	2.98869452062153	0
2009-08-06 11:49:03	-0.507218700232691	2.98869452062153	0
2009-08-06 11:49:03	-0.146724784581452	2.98869452062153	0
2009-08-06 11:49:03	-0.420398487638582	2.33129565096678	0
2009-08-06 11:49:03	-0.542830278150503	2.33129565096678	0
2009-08-06 11:49:03	0.507418203457341	2.33129565096678	0
2009-08-06 11:49:03	0.0920014306813024	2.33129565096678	0
2009-08-06 11:49:03	-0.276719427140051	2.33129565096678	0
2009-08-06 11:49:03	0.491927823898997	2.33129565096678	0
2009-08-06 11:49:03	0.132493894115251	1.16863305801879	0
2009-08-06 11:49:03	0.110026695585711	1.16863305801879	0
2009-08-06 11:49:03	0.144663289044489	1.16863305801879	0
2009-08-06 11:49:03	-0.399574389953105	1.16863305801879	0
2009-08-06 11:49:03	-0.204419742488265	1.16863305801879	0
2009-08-06 11:49:03	0.177455046831974	1.16863305801879	0
2009-08-06 11:49:03	-0.0907040874614641	1.96685225229637	0
2009-08-06 11:49:03	0.4403519510007	1.96685225229637	0
2009-08-06 11:49:03	0.54554326295571	1.96685225229637	0
2009-08-06 11:49:03	0.360521853264033	1.96685225229637	0
2009-08-06 11:49:03	-0.463421612707951	1.96685225229637	0
2009-08-06 11:49:03	0.0663094849065137	1.96685225229637	0
2009-08-06 11:49:03	-0.0145967045017399	1.66800167705761	0
2009-08-06 11:49:03	-0.0978327294972637	1.66800167705761	0
2009-08-06 11:49:03	0.28242178611019	1.66800167705761	0
2009-08-06 11:49:03	0.604065028269918	1.66800167705761	0
2009-08-06 11:49:03	-0.409919724407327	1.66800167705761	0
2009-08-06 11:49:03	0.259165704271167	1.66800167705761	0
2009-08-06 11:49:03	0.142918146207365	0.666596427141789	0
2009-08-06 11:49:03	-0.0267164169407272	0.666596427141789	0
2009-08-06 11:49:03	-0.040176101338829	0.666596427141789	0
2009-08-06 11:49:03	0.205460412497067	0.666596427141789	0
2009-08-06 11:49:03	0.102452458044636	0.666596427141789	0
2009-08-06 11:49:03	0.148872892113164	0.666596427141789	0
2009-08-06 11:49:03	-0.393381848373777	1.56660826094885	0
2009-08-06 11:49:03	0.577324827308296	1.56660826094885	0
2009-08-06 11:49:03	-0.258560301807040	1.56660826094885	0
2009-08-06 11:49:03	-0.0611449957090027	1.56660826094885	0
2009-08-06 11:49:03	0.181807755276849	1.56660826094885	0
2009-08-06 11:49:03	0.0943885324738832	1.56660826094885	0
2009-08-06 11:49:03	0.716164676547458	1.87116412594544	0
2009-08-06 11:49:03	-0.00977641931698256	1.87116412594544	0
2009-08-06 11:49:03	-0.349762069330792	1.87116412594544	0
2009-08-06 11:49:03	0.439779145032766	1.87116412594544	0
2009-08-06 11:49:03	-0.333087431846795	1.87116412594544	0
2009-08-06 11:49:03	-0.0225943838706497	1.87116412594544	0
2009-08-06 11:49:03	-0.184538204949471	0.597948090529409	0
2009-08-06 11:49:03	-0.154150451643844	0.597948090529409	0
2009-08-06 11:49:03	0.0232806727935456	0.597948090529409	0
2009-08-06 11:49:03	-0.0176213044248859	0.597948090529409	0
2009-08-06 11:49:03	-0.0503588457929435	0.597948090529409	0
2009-08-06 11:49:03	0.167998610924719	0.597948090529409	0
